2025-07-27T12:20:02 | touched: package.json
2025-08-18T15:53:21 | touched: scripts/cli.js
2026-01-21T05:58:59 | touched: scripts/cli.js
2025-10-29T19:46:09 | touched: test/Querygraphthe.test.js
2026-02-04T21:35:37 | touched: README.md
2025-09-06T07:32:02 | touched: scripts/interact.js
2025-03-31T09:13:21 | touched: scripts/interact.js
2026-01-13T10:42:55 | touched: LICENSE
2025-02-03T02:57:34 | touched: scripts/cli.js
2025-10-08T19:19:14 | touched: hardhat.config.js
2026-01-18T07:47:15 | touched: scripts/cli.js
2025-11-08T14:39:50 | touched: package.json
2024-03-05T21:27:14 | touched: scripts/api-server.js
2024-09-25T08:27:39 | touched: scripts/api-server.js
2026-01-29T11:44:22 | touched: scripts/frontend-integration.js
2025-01-28T08:28:05 | touched: package.json
2025-12-08T03:21:41 | touched: .env.example
2025-07-09T21:00:14 | touched: .env.example
2025-06-17T14:19:58 | touched: LICENSE
2025-04-07T15:03:17 | touched: package.json
2025-07-29T13:42:28 | touched: test/Querygraphthe.test.js
2025-07-03T05:16:08 | touched: LICENSE
